GpuImage/build/intermediates/manifest_merge_blame_file/debug/manifest-merger-blame-debug-report.txt
1<?xml version="1.0" encoding="utf-8"?>
2<manifest xmlns:android="http://schemas.android.com/apk/res/android"
3    package="jp.co.cyberagent.android.gpuimage" >
4
5    <uses-sdk
6        android:minSdkVersion="15"
6-->BeautyCam\GpuImage\AndroidManifest.xml
7        android:targetSdkVersion="22" />
7-->BeautyCam\GpuImage\AndroidManifest.xml
8
9</manifest>